{
  "stats": {
    "suites": 1,
    "tests": 4,
    "passes": 4,
    "pending": 0,
    "failures": 0,
    "start": "2025-10-19T16:03:53.671Z",
    "end": "2025-10-19T16:03:53.783Z",
    "duration": 112,
    "testsRegistered": 4,
    "passPercent": 100,
    "pendingPercent": 0,
    "other": 0,
    "hasOther": false,
    "skipped": 0,
    "hasSkipped": false
  },
  "results": [
    {
      "uuid": "c62a466f-9759-408e-a9c6-3647e8487e0f",
      "title": "",
      "fullFile": "",
      "file": "",
      "beforeHooks": [],
      "afterHooks": [],
      "tests": [],
      "suites": [
        {
          "uuid": "3e85021c-7e2c-468a-a778-1dc12ae74a67",
          "title": "🎬 YouTube Subscribers API Tests",
          "fullFile": "/Users/apple/MyWorkSapce/Alma/AlmaProjects/Yotube_Subscribers/src/__tests__/subscribers.test.js",
          "file": "/src/__tests__/subscribers.test.js",
          "beforeHooks": [
            {
              "title": "\"before all\" hook in \"🎬 YouTube Subscribers API Tests\"",
              "fullTitle": "🎬 YouTube Subscribers API Tests \"before all\" hook in \"🎬 YouTube Subscribers API Tests\"",
              "timedOut": false,
              "duration": 75,
              "state": null,
              "speed": null,
              "pass": false,
              "fail": false,
              "pending": false,
              "context": null,
              "code": "const MONGO_URI = process.env.MONGO_URI || \"mongodb://127.0.0.1:27017/youtubeSubscribersTest\";\nawait mongoose.connect(MONGO_URI, {\n  useNewUrlParser: true,\n  useUnifiedTopology: true,\n});\n// Clear previous data\nawait Subscriber.deleteMany({});\n// Insert one test document\ntestSubscriber = await Subscriber.create({\n  name: \"Test User\",\n  subscribedChannel: \"TechChannel\",\n  subscribedDate: new Date(),\n});",
              "err": {},
              "uuid": "ad4bc12c-9662-4196-a7e2-b1f7a8819537",
              "parentUUID": "3e85021c-7e2c-468a-a778-1dc12ae74a67",
              "isHook": true,
              "skipped": false
            }
          ],
          "afterHooks": [
            {
              "title": "\"after all\" hook in \"🎬 YouTube Subscribers API Tests\"",
              "fullTitle": "🎬 YouTube Subscribers API Tests \"after all\" hook in \"🎬 YouTube Subscribers API Tests\"",
              "timedOut": false,
              "duration": 3,
              "state": null,
              "speed": null,
              "pass": false,
              "fail": false,
              "pending": false,
              "context": null,
              "code": "await mongoose.connection.close();",
              "err": {},
              "uuid": "fb7a66ae-2414-48e7-a958-ca36e978b32c",
              "parentUUID": "3e85021c-7e2c-468a-a778-1dc12ae74a67",
              "isHook": true,
              "skipped": false
            }
          ],
          "tests": [
            {
              "title": "✅ should GET all subscribers",
              "fullTitle": "🎬 YouTube Subscribers API Tests ✅ should GET all subscribers",
              "timedOut": false,
              "duration": 17,
              "state": "passed",
              "speed": "fast",
              "pass": true,
              "fail": false,
              "pending": false,
              "context": null,
              "code": "chai\n  .request(app)\n  .get(\"/subscribers\")\n  .end((err, res) => {\n    res.should.have.status(200);\n    res.body.should.be.a(\"array\");\n    res.body.length.should.be.greaterThan(0);\n    done();\n  });",
              "err": {},
              "uuid": "336e3789-987f-43c3-8d24-b90fc70732cf",
              "parentUUID": "3e85021c-7e2c-468a-a778-1dc12ae74a67",
              "isHook": false,
              "skipped": false
            },
            {
              "title": "✅ should GET subscribers with only name and subscribedChannel",
              "fullTitle": "🎬 YouTube Subscribers API Tests ✅ should GET subscribers with only name and subscribedChannel",
              "timedOut": false,
              "duration": 6,
              "state": "passed",
              "speed": "fast",
              "pass": true,
              "fail": false,
              "pending": false,
              "context": null,
              "code": "chai\n  .request(app)\n  .get(\"/subscribers/names\")\n  .end((err, res) => {\n    res.should.have.status(200);\n    res.body.should.be.a(\"array\");\n    res.body[0].should.have.property(\"name\");\n    res.body[0].should.have.property(\"subscribedChannel\");\n    res.body[0].should.not.have.property(\"_id\");\n    done();\n  });",
              "err": {},
              "uuid": "a552f52d-0093-4f89-b179-f8c052ae9038",
              "parentUUID": "3e85021c-7e2c-468a-a778-1dc12ae74a67",
              "isHook": false,
              "skipped": false
            },
            {
              "title": "✅ should GET subscriber by valid ID",
              "fullTitle": "🎬 YouTube Subscribers API Tests ✅ should GET subscriber by valid ID",
              "timedOut": false,
              "duration": 6,
              "state": "passed",
              "speed": "fast",
              "pass": true,
              "fail": false,
              "pending": false,
              "context": null,
              "code": "chai\n  .request(app)\n  .get(`/subscribers/${testSubscriber._id}`)\n  .end((err, res) => {\n    res.should.have.status(200);\n    res.body.should.be.a(\"object\");\n    res.body.should.have.property(\"name\").eq(\"Test User\");\n    done();\n  });",
              "err": {},
              "uuid": "cae0dd93-36ab-4118-b87d-8bb5de0d80f2",
              "parentUUID": "3e85021c-7e2c-468a-a778-1dc12ae74a67",
              "isHook": false,
              "skipped": false
            },
            {
              "title": "❌ should return 400 for invalid subscriber ID",
              "fullTitle": "🎬 YouTube Subscribers API Tests ❌ should return 400 for invalid subscriber ID",
              "timedOut": false,
              "duration": 2,
              "state": "passed",
              "speed": "fast",
              "pass": true,
              "fail": false,
              "pending": false,
              "context": null,
              "code": "chai\n  .request(app)\n  .get(\"/subscribers/invalidid123\")\n  .end((err, res) => {\n    res.should.have.status(400);\n    res.body.should.have.property(\"message\");\n    done();\n  });",
              "err": {},
              "uuid": "f9fe0892-445e-42f9-aaaf-4efea0c1ce65",
              "parentUUID": "3e85021c-7e2c-468a-a778-1dc12ae74a67",
              "isHook": false,
              "skipped": false
            }
          ],
          "suites": [],
          "passes": [
            "336e3789-987f-43c3-8d24-b90fc70732cf",
            "a552f52d-0093-4f89-b179-f8c052ae9038",
            "cae0dd93-36ab-4118-b87d-8bb5de0d80f2",
            "f9fe0892-445e-42f9-aaaf-4efea0c1ce65"
          ],
          "failures": [],
          "pending": [],
          "skipped": [],
          "duration": 31,
          "root": false,
          "rootEmpty": false,
          "_timeout": 60000
        }
      ],
      "passes": [],
      "failures": [],
      "pending": [],
      "skipped": [],
      "duration": 0,
      "root": true,
      "rootEmpty": true,
      "_timeout": 60000
    }
  ],
  "meta": {
    "mocha": {
      "version": "8.4.0"
    },
    "mochawesome": {
      "options": {
        "quiet": false,
        "reportFilename": "mochawesome",
        "saveHtml": true,
        "saveJson": true,
        "consoleReporter": "spec",
        "useInlineDiffs": false,
        "code": true
      },
      "version": "6.1.1"
    },
    "marge": {
      "options": null,
      "version": "5.2.0"
    }
  }
}